<?xml version="1.0" encoding="UTF-8"?>
<coverage generated="1659737764145" clover="3.2.0">
  <project timestamp="1659737764145" name="All files">
    <metrics statements="32" coveredstatements="27" conditionals="5" coveredconditionals="5" methods="13" coveredmethods="8" elements="50" coveredelements="40" complexity="0" loc="32" ncloc="32" packages="5" files="5" classes="5"/>
    <package name="src.database">
      <metrics statements="2" coveredstatements="2" conditionals="0" coveredconditionals="0" methods="0" coveredmethods="0"/>
      <file name="database.ts" path="/home/felipe/Documentos/Desenvolvimento/fast-recipe/back-end/src/database/database.ts">
        <metrics statements="2" coveredstatements="2" conditionals="0" coveredconditionals="0" methods="0" coveredmethods="0"/>
        <line num="3" count="1" type="stmt"/>
        <line num="5" count="1" type="stmt"/>
      </file>
    </package>
    <package name="src.repositories">
      <metrics statements="4" coveredstatements="1" conditionals="0" coveredconditionals="0" methods="3" coveredmethods="0"/>
      <file name="userRepository.ts" path="/home/felipe/Documentos/Desenvolvimento/fast-recipe/back-end/src/repositories/userRepository.ts">
        <metrics statements="4" coveredstatements="1" conditionals="0" coveredconditionals="0" methods="3" coveredmethods="0"/>
        <line num="5" count="0" type="stmt"/>
        <line num="9" count="0" type="stmt"/>
        <line num="17" count="0" type="stmt"/>
        <line num="22" count="1" type="stmt"/>
      </file>
    </package>
    <package name="src.services">
      <metrics statements="19" coveredstatements="19" conditionals="4" coveredconditionals="4" methods="5" coveredmethods="5"/>
      <file name="userService.ts" path="/home/felipe/Documentos/Desenvolvimento/fast-recipe/back-end/src/services/userService.ts">
        <metrics statements="19" coveredstatements="19" conditionals="4" coveredconditionals="4" methods="5" coveredmethods="5"/>
        <line num="8" count="1" type="stmt"/>
        <line num="14" count="2" type="stmt"/>
        <line num="18" count="2" type="cond" truecount="1" falsecount="0"/>
        <line num="19" count="1" type="stmt"/>
        <line num="22" count="1" type="stmt"/>
        <line num="24" count="1" type="stmt"/>
        <line num="28" count="3" type="stmt"/>
        <line num="29" count="3" type="cond" truecount="1" falsecount="0"/>
        <line num="33" count="2" type="stmt"/>
        <line num="35" count="1" type="stmt"/>
        <line num="37" count="1" type="stmt"/>
        <line num="41" count="2" type="stmt"/>
        <line num="42" count="2" type="stmt"/>
        <line num="46" count="1" type="stmt"/>
        <line num="47" count="1" type="stmt"/>
        <line num="48" count="1" type="stmt"/>
        <line num="50" count="1" type="stmt"/>
        <line num="54" count="2" type="stmt"/>
        <line num="57" count="1" type="stmt"/>
      </file>
    </package>
    <package name="src.utils">
      <metrics statements="4" coveredstatements="2" conditionals="0" coveredconditionals="0" methods="4" coveredmethods="2"/>
      <file name="errorUtil.ts" path="/home/felipe/Documentos/Desenvolvimento/fast-recipe/back-end/src/utils/errorUtil.ts">
        <metrics statements="4" coveredstatements="2" conditionals="0" coveredconditionals="0" methods="4" coveredmethods="2"/>
        <line num="9" count="1" type="stmt"/>
        <line num="13" count="0" type="stmt"/>
        <line num="17" count="2" type="stmt"/>
        <line num="21" count="0" type="stmt"/>
      </file>
    </package>
    <package name="tests.factories">
      <metrics statements="3" coveredstatements="3" conditionals="1" coveredconditionals="1" methods="1" coveredmethods="1"/>
      <file name="userFactory.ts" path="/home/felipe/Documentos/Desenvolvimento/fast-recipe/back-end/tests/factories/userFactory.ts">
        <metrics statements="3" coveredstatements="3" conditionals="1" coveredconditionals="1" methods="1" coveredmethods="1"/>
        <line num="5" count="5" type="stmt"/>
        <line num="12" count="5" type="stmt"/>
        <line num="15" count="1" type="stmt"/>
      </file>
    </package>
  </project>
</coverage>
