{"/home/felipe/Documentos/Desenvolvimento/fast-recipe/back-end/src/database/database.ts": {"path":"/home/felipe/Documentos/Desenvolvimento/fast-recipe/back-end/src/database/database.ts","statementMap":{"0":{"start":{"line":3,"column":25},"end":{"line":3,"column":28}},"1":{"start":{"line":5,"column":22},"end":{"line":5,"column":40}}},"fnMap":{},"branchMap":{},"s":{"0":1,"1":1},"f":{},"b":{}}
,"/home/felipe/Documentos/Desenvolvimento/fast-recipe/back-end/src/repositories/userRepository.ts": {"path":"/home/felipe/Documentos/Desenvolvimento/fast-recipe/back-end/src/repositories/userRepository.ts","statementMap":{"0":{"start":{"line":5,"column":1},"end":{"line":5,"column":36}},"1":{"start":{"line":9,"column":1},"end":{"line":13,"column":4}},"2":{"start":{"line":17,"column":1},"end":{"line":19,"column":4}},"3":{"start":{"line":22,"column":30},"end":{"line":26,"column":2}}},"fnMap":{"0":{"name":"create","decl":{"start":{"line":4,"column":15},"end":{"line":4,"column":21}},"loc":{"start":{"line":4,"column":42},"end":{"line":6,"column":null}}},"1":{"name":"findByEmailOrUsername","decl":{"start":{"line":8,"column":15},"end":{"line":8,"column":36}},"loc":{"start":{"line":8,"column":68},"end":{"line":14,"column":null}}},"2":{"name":"findByEmail","decl":{"start":{"line":16,"column":15},"end":{"line":16,"column":26}},"loc":{"start":{"line":16,"column":40},"end":{"line":20,"column":null}}}},"branchMap":{},"s":{"0":0,"1":0,"2":0,"3":1},"f":{"0":0,"1":0,"2":0},"b":{}}
,"/home/felipe/Documentos/Desenvolvimento/fast-recipe/back-end/src/services/userService.ts": {"path":"/home/felipe/Documentos/Desenvolvimento/fast-recipe/back-end/src/services/userService.ts","statementMap":{"0":{"start":{"line":8,"column":0},"end":{"line":8,"column":16}},"1":{"start":{"line":14,"column":22},"end":{"line":16,"column":null}},"2":{"start":{"line":18,"column":1},"end":{"line":20,"column":null}},"3":{"start":{"line":19,"column":2},"end":{"line":19,"column":46}},"4":{"start":{"line":22,"column":14},"end":{"line":22,"column":70}},"5":{"start":{"line":24,"column":1},"end":{"line":24,"column":38}},"6":{"start":{"line":28,"column":22},"end":{"line":28,"column":66}},"7":{"start":{"line":29,"column":1},"end":{"line":34,"column":null}},"8":{"start":{"line":33,"column":2},"end":{"line":33,"column":50}},"9":{"start":{"line":35,"column":15},"end":{"line":35,"column":45}},"10":{"start":{"line":37,"column":1},"end":{"line":37,"column":14}},"11":{"start":{"line":41,"column":14},"end":{"line":41,"column":16}},"12":{"start":{"line":42,"column":1},"end":{"line":42,"column":40}},"13":{"start":{"line":46,"column":18},"end":{"line":46,"column":32}},"14":{"start":{"line":47,"column":17},"end":{"line":47,"column":39}},"15":{"start":{"line":48,"column":20},"end":{"line":48,"column":42}},"16":{"start":{"line":50,"column":1},"end":{"line":50,"column":48}},"17":{"start":{"line":54,"column":1},"end":{"line":54,"column":56}},"18":{"start":{"line":57,"column":27},"end":{"line":61,"column":2}}},"fnMap":{"0":{"name":"signup","decl":{"start":{"line":13,"column":15},"end":{"line":13,"column":21}},"loc":{"start":{"line":13,"column":42},"end":{"line":25,"column":null}}},"1":{"name":"signin","decl":{"start":{"line":27,"column":15},"end":{"line":27,"column":21}},"loc":{"start":{"line":27,"column":41},"end":{"line":38,"column":null}}},"2":{"name":"encryptPassword","decl":{"start":{"line":40,"column":9},"end":{"line":40,"column":24}},"loc":{"start":{"line":40,"column":41},"end":{"line":43,"column":1}}},"3":{"name":"generateToken","decl":{"start":{"line":45,"column":9},"end":{"line":45,"column":22}},"loc":{"start":{"line":45,"column":33},"end":{"line":51,"column":1}}},"4":{"name":"isCorrectPassword","decl":{"start":{"line":53,"column":9},"end":{"line":53,"column":26}},"loc":{"start":{"line":53,"column":70},"end":{"line":55,"column":1}}}},"branchMap":{"0":{"loc":{"start":{"line":18,"column":1},"end":{"line":20,"column":null}},"type":"if","locations":[{"start":{"line":18,"column":1},"end":{"line":20,"column":null}}]},"1":{"loc":{"start":{"line":29,"column":1},"end":{"line":34,"column":null}},"type":"if","locations":[{"start":{"line":29,"column":1},"end":{"line":34,"column":null}}]},"2":{"loc":{"start":{"line":30,"column":2},"end":{"line":31,"column":58}},"type":"binary-expr","locations":[{"start":{"line":30,"column":2},"end":{"line":30,"column":15}},{"start":{"line":31,"column":2},"end":{"line":31,"column":58}}]}},"s":{"0":1,"1":2,"2":2,"3":1,"4":1,"5":1,"6":3,"7":3,"8":2,"9":1,"10":1,"11":2,"12":2,"13":1,"14":1,"15":1,"16":1,"17":2,"18":1},"f":{"0":2,"1":3,"2":2,"3":1,"4":2},"b":{"0":[1],"1":[2],"2":[3,2]}}
,"/home/felipe/Documentos/Desenvolvimento/fast-recipe/back-end/src/utils/errorUtil.ts": {"path":"/home/felipe/Documentos/Desenvolvimento/fast-recipe/back-end/src/utils/errorUtil.ts","statementMap":{"0":{"start":{"line":9,"column":1},"end":{"line":9,"column":38}},"1":{"start":{"line":13,"column":1},"end":{"line":13,"column":39}},"2":{"start":{"line":17,"column":1},"end":{"line":17,"column":42}},"3":{"start":{"line":21,"column":1},"end":{"line":21,"column":42}}},"fnMap":{"0":{"name":"conflictError","decl":{"start":{"line":8,"column":16},"end":{"line":8,"column":29}},"loc":{"start":{"line":8,"column":45},"end":{"line":10,"column":1}}},"1":{"name":"notFoundError","decl":{"start":{"line":12,"column":16},"end":{"line":12,"column":29}},"loc":{"start":{"line":12,"column":45},"end":{"line":14,"column":1}}},"2":{"name":"unauthorizedError","decl":{"start":{"line":16,"column":16},"end":{"line":16,"column":33}},"loc":{"start":{"line":16,"column":49},"end":{"line":18,"column":1}}},"3":{"name":"wrongSchemaError","decl":{"start":{"line":20,"column":16},"end":{"line":20,"column":32}},"loc":{"start":{"line":20,"column":48},"end":{"line":22,"column":1}}}},"branchMap":{},"s":{"0":1,"1":0,"2":2,"3":0},"f":{"0":1,"1":0,"2":2,"3":0},"b":{}}
,"/home/felipe/Documentos/Desenvolvimento/fast-recipe/back-end/tests/factories/userFactory.ts": {"path":"/home/felipe/Documentos/Desenvolvimento/fast-recipe/back-end/tests/factories/userFactory.ts","statementMap":{"0":{"start":{"line":5,"column":14},"end":{"line":10,"column":3}},"1":{"start":{"line":12,"column":1},"end":{"line":12,"column":13}},"2":{"start":{"line":15,"column":27},"end":{"line":15,"column":41}}},"fnMap":{"0":{"name":"createData","decl":{"start":{"line":4,"column":9},"end":{"line":4,"column":19}},"loc":{"start":{"line":4,"column":38},"end":{"line":13,"column":1}}}},"branchMap":{"0":{"loc":{"start":{"line":4,"column":20},"end":{"line":4,"column":38}},"type":"default-arg","locations":[{"start":{"line":4,"column":37},"end":{"line":4,"column":38}}]}},"s":{"0":5,"1":5,"2":1},"f":{"0":5},"b":{"0":[5]}}
}
