TN:
SF:src/database/database.ts
FNF:0
FNH:0
DA:3,1
DA:5,1
LF:2
LH:2
BRF:0
BRH:0
end_of_record
TN:
SF:src/repositories/userRepository.ts
FN:4,create
FN:8,findByEmailOrUsername
FN:16,findByEmail
FNF:3
FNH:0
FNDA:0,create
FNDA:0,findByEmailOrUsername
FNDA:0,findByEmail
DA:5,0
DA:9,0
DA:17,0
DA:22,1
LF:4
LH:1
BRF:0
BRH:0
end_of_record
TN:
SF:src/services/userService.ts
FN:13,signup
FN:27,signin
FN:40,encryptPassword
FN:45,generateToken
FN:53,isCorrectPassword
FNF:5
FNH:5
FNDA:2,signup
FNDA:3,signin
FNDA:2,encryptPassword
FNDA:1,generateToken
FNDA:2,isCorrectPassword
DA:8,1
DA:14,2
DA:18,2
DA:19,1
DA:22,1
DA:24,1
DA:28,3
DA:29,3
DA:33,2
DA:35,1
DA:37,1
DA:41,2
DA:42,2
DA:46,1
DA:47,1
DA:48,1
DA:50,1
DA:54,2
DA:57,1
LF:19
LH:19
BRDA:18,0,0,1
BRDA:29,1,0,2
BRDA:30,2,0,3
BRDA:30,2,1,2
BRF:4
BRH:4
end_of_record
TN:
SF:src/utils/errorUtil.ts
FN:8,conflictError
FN:12,notFoundError
FN:16,unauthorizedError
FN:20,wrongSchemaError
FNF:4
FNH:2
FNDA:1,conflictError
FNDA:0,notFoundError
FNDA:2,unauthorizedError
FNDA:0,wrongSchemaError
DA:9,1
DA:13,0
DA:17,2
DA:21,0
LF:4
LH:2
BRF:0
BRH:0
end_of_record
TN:
SF:tests/factories/userFactory.ts
FN:4,createData
FNF:1
FNH:1
FNDA:5,createData
DA:5,5
DA:12,5
DA:15,1
LF:3
LH:3
BRDA:4,0,0,5
BRF:1
BRH:1
end_of_record
